syscallNum: 12 rtnName: realloc image: /lib64/ld-linux-x86-64.so.2
0x00007ffff7df12e0   mov ecx, 0xc
0x00007ffff7df12e5   mov eax, ecx
0x00007ffff7df12e7   syscall 
syscallNum: 21 rtnName: realloc image: /lib64/ld-linux-x86-64.so.2
0x00007ffff7df21b0   mov eax, 0x15
0x00007ffff7df21b5   syscall 
syscallNum: 9 rtnName: realloc image: /lib64/ld-linux-x86-64.so.2
0x00007ffff7df22a3   mov eax, 0x9
0x00007ffff7df22a8   syscall 
syscallNum: 21 rtnName: realloc image: /lib64/ld-linux-x86-64.so.2
0x00007ffff7df21b0   mov eax, 0x15
0x00007ffff7df21b5   syscall 
syscallNum: 2 rtnName: realloc image: /lib64/ld-linux-x86-64.so.2
0x00007ffff7df2150   mov eax, 0x2
0x00007ffff7df2155   syscall 
syscallNum: 5 rtnName: realloc image: /lib64/ld-linux-x86-64.so.2
0x00007ffff7df20dd   mov eax, 0x5
0x00007ffff7df20e2   syscall 
syscallNum: 9 rtnName: realloc image: /lib64/ld-linux-x86-64.so.2
0x00007ffff7df22a3   mov eax, 0x9
0x00007ffff7df22a8   syscall 
syscallNum: 3 rtnName: realloc image: /lib64/ld-linux-x86-64.so.2
0x00007ffff7df2250   mov eax, 0x3
0x00007ffff7df2255   syscall 
syscallNum: 21 rtnName: realloc image: /lib64/ld-linux-x86-64.so.2
0x00007ffff7df21b0   mov eax, 0x15
0x00007ffff7df21b5   syscall 
syscallNum: 2 rtnName: realloc image: /lib64/ld-linux-x86-64.so.2
0x00007ffff7df2150   mov eax, 0x2
0x00007ffff7df2155   syscall 
syscallNum: 0 rtnName: realloc image: /lib64/ld-linux-x86-64.so.2
0x00007ffff7df2170   mov eax, 0x0
0x00007ffff7df2175   syscall 
syscallNum: 5 rtnName: realloc image: /lib64/ld-linux-x86-64.so.2
0x00007ffff7df20dd   mov eax, 0x5
0x00007ffff7df20e2   syscall 
syscallNum: 9 rtnName: realloc image: /lib64/ld-linux-x86-64.so.2
0x00007ffff7df22a3   mov eax, 0x9
0x00007ffff7df22a8   syscall 
syscallNum: 10 rtnName: realloc image: /lib64/ld-linux-x86-64.so.2
0x00007ffff7df2340   mov eax, 0xa
0x00007ffff7df2345   syscall 
syscallNum: 9 rtnName: realloc image: /lib64/ld-linux-x86-64.so.2
0x00007ffff7df22a3   mov eax, 0x9
0x00007ffff7df22a8   syscall 
syscallNum: 9 rtnName: realloc image: /lib64/ld-linux-x86-64.so.2
0x00007ffff7df22a3   mov eax, 0x9
0x00007ffff7df22a8   syscall 
syscallNum: 3 rtnName: realloc image: /lib64/ld-linux-x86-64.so.2
0x00007ffff7df2250   mov eax, 0x3
0x00007ffff7df2255   syscall 
syscallNum: 21 rtnName: realloc image: /lib64/ld-linux-x86-64.so.2
0x00007ffff7df21b0   mov eax, 0x15
0x00007ffff7df21b5   syscall 
syscallNum: 2 rtnName: realloc image: /lib64/ld-linux-x86-64.so.2
0x00007ffff7df2150   mov eax, 0x2
0x00007ffff7df2155   syscall 
syscallNum: 0 rtnName: realloc image: /lib64/ld-linux-x86-64.so.2
0x00007ffff7df2170   mov eax, 0x0
0x00007ffff7df2175   syscall 
syscallNum: 5 rtnName: realloc image: /lib64/ld-linux-x86-64.so.2
0x00007ffff7df20dd   mov eax, 0x5
0x00007ffff7df20e2   syscall 
syscallNum: 9 rtnName: realloc image: /lib64/ld-linux-x86-64.so.2
0x00007ffff7df22a3   mov eax, 0x9
0x00007ffff7df22a8   syscall 
syscallNum: 10 rtnName: realloc image: /lib64/ld-linux-x86-64.so.2
0x00007ffff7df2340   mov eax, 0xa
0x00007ffff7df2345   syscall 
syscallNum: 9 rtnName: realloc image: /lib64/ld-linux-x86-64.so.2
0x00007ffff7df22a3   mov eax, 0x9
0x00007ffff7df22a8   syscall 
syscallNum: 3 rtnName: realloc image: /lib64/ld-linux-x86-64.so.2
0x00007ffff7df2250   mov eax, 0x3
0x00007ffff7df2255   syscall 
syscallNum: 21 rtnName: realloc image: /lib64/ld-linux-x86-64.so.2
0x00007ffff7df21b0   mov eax, 0x15
0x00007ffff7df21b5   syscall 
syscallNum: 2 rtnName: realloc image: /lib64/ld-linux-x86-64.so.2
0x00007ffff7df2150   mov eax, 0x2
0x00007ffff7df2155   syscall 
syscallNum: 0 rtnName: realloc image: /lib64/ld-linux-x86-64.so.2
0x00007ffff7df2170   mov eax, 0x0
0x00007ffff7df2175   syscall 
syscallNum: 5 rtnName: realloc image: /lib64/ld-linux-x86-64.so.2
0x00007ffff7df20dd   mov eax, 0x5
0x00007ffff7df20e2   syscall 
syscallNum: 9 rtnName: realloc image: /lib64/ld-linux-x86-64.so.2
0x00007ffff7df22a3   mov eax, 0x9
0x00007ffff7df22a8   syscall 
syscallNum: 9 rtnName: realloc image: /lib64/ld-linux-x86-64.so.2
0x00007ffff7df22a3   mov eax, 0x9
0x00007ffff7df22a8   syscall 
syscallNum: 10 rtnName: realloc image: /lib64/ld-linux-x86-64.so.2
0x00007ffff7df2340   mov eax, 0xa
0x00007ffff7df2345   syscall 
syscallNum: 9 rtnName: realloc image: /lib64/ld-linux-x86-64.so.2
0x00007ffff7df22a3   mov eax, 0x9
0x00007ffff7df22a8   syscall 
syscallNum: 3 rtnName: realloc image: /lib64/ld-linux-x86-64.so.2
0x00007ffff7df2250   mov eax, 0x3
0x00007ffff7df2255   syscall 
syscallNum: 21 rtnName: realloc image: /lib64/ld-linux-x86-64.so.2
0x00007ffff7df21b0   mov eax, 0x15
0x00007ffff7df21b5   syscall 
syscallNum: 2 rtnName: realloc image: /lib64/ld-linux-x86-64.so.2
0x00007ffff7df2150   mov eax, 0x2
0x00007ffff7df2155   syscall 
syscallNum: 0 rtnName: realloc image: /lib64/ld-linux-x86-64.so.2
0x00007ffff7df2170   mov eax, 0x0
0x00007ffff7df2175   syscall 
syscallNum: 5 rtnName: realloc image: /lib64/ld-linux-x86-64.so.2
0x00007ffff7df20dd   mov eax, 0x5
0x00007ffff7df20e2   syscall 
syscallNum: 9 rtnName: realloc image: /lib64/ld-linux-x86-64.so.2
0x00007ffff7df22a3   mov eax, 0x9
0x00007ffff7df22a8   syscall 
syscallNum: 10 rtnName: realloc image: /lib64/ld-linux-x86-64.so.2
0x00007ffff7df2340   mov eax, 0xa
0x00007ffff7df2345   syscall 
syscallNum: 9 rtnName: realloc image: /lib64/ld-linux-x86-64.so.2
0x00007ffff7df22a3   mov eax, 0x9
0x00007ffff7df22a8   syscall 
syscallNum: 3 rtnName: realloc image: /lib64/ld-linux-x86-64.so.2
0x00007ffff7df2250   mov eax, 0x3
0x00007ffff7df2255   syscall 
syscallNum: 21 rtnName: realloc image: /lib64/ld-linux-x86-64.so.2
0x00007ffff7df21b0   mov eax, 0x15
0x00007ffff7df21b5   syscall 
syscallNum: 2 rtnName: realloc image: /lib64/ld-linux-x86-64.so.2
0x00007ffff7df2150   mov eax, 0x2
0x00007ffff7df2155   syscall 
syscallNum: 0 rtnName: realloc image: /lib64/ld-linux-x86-64.so.2
0x00007ffff7df2170   mov eax, 0x0
0x00007ffff7df2175   syscall 
syscallNum: 5 rtnName: realloc image: /lib64/ld-linux-x86-64.so.2
0x00007ffff7df20dd   mov eax, 0x5
0x00007ffff7df20e2   syscall 
syscallNum: 9 rtnName: realloc image: /lib64/ld-linux-x86-64.so.2
0x00007ffff7df22a3   mov eax, 0x9
0x00007ffff7df22a8   syscall 
syscallNum: 10 rtnName: realloc image: /lib64/ld-linux-x86-64.so.2
0x00007ffff7df2340   mov eax, 0xa
0x00007ffff7df2345   syscall 
syscallNum: 9 rtnName: realloc image: /lib64/ld-linux-x86-64.so.2
0x00007ffff7df22a3   mov eax, 0x9
0x00007ffff7df22a8   syscall 
syscallNum: 3 rtnName: realloc image: /lib64/ld-linux-x86-64.so.2
0x00007ffff7df2250   mov eax, 0x3
0x00007ffff7df2255   syscall 
syscallNum: 21 rtnName: realloc image: /lib64/ld-linux-x86-64.so.2
0x00007ffff7df21b0   mov eax, 0x15
0x00007ffff7df21b5   syscall 
syscallNum: 2 rtnName: realloc image: /lib64/ld-linux-x86-64.so.2
0x00007ffff7df2150   mov eax, 0x2
0x00007ffff7df2155   syscall 
syscallNum: 0 rtnName: realloc image: /lib64/ld-linux-x86-64.so.2
0x00007ffff7df2170   mov eax, 0x0
0x00007ffff7df2175   syscall 
syscallNum: 5 rtnName: realloc image: /lib64/ld-linux-x86-64.so.2
0x00007ffff7df20dd   mov eax, 0x5
0x00007ffff7df20e2   syscall 
syscallNum: 9 rtnName: realloc image: /lib64/ld-linux-x86-64.so.2
0x00007ffff7df22a3   mov eax, 0x9
0x00007ffff7df22a8   syscall 
syscallNum: 9 rtnName: realloc image: /lib64/ld-linux-x86-64.so.2
0x00007ffff7df22a3   mov eax, 0x9
0x00007ffff7df22a8   syscall 
syscallNum: 10 rtnName: realloc image: /lib64/ld-linux-x86-64.so.2
0x00007ffff7df2340   mov eax, 0xa
0x00007ffff7df2345   syscall 
syscallNum: 9 rtnName: realloc image: /lib64/ld-linux-x86-64.so.2
0x00007ffff7df22a3   mov eax, 0x9
0x00007ffff7df22a8   syscall 
syscallNum: 9 rtnName: realloc image: /lib64/ld-linux-x86-64.so.2
0x00007ffff7df22a3   mov eax, 0x9
0x00007ffff7df22a8   syscall 
syscallNum: 3 rtnName: realloc image: /lib64/ld-linux-x86-64.so.2
0x00007ffff7df2250   mov eax, 0x3
0x00007ffff7df2255   syscall 
syscallNum: 21 rtnName: realloc image: /lib64/ld-linux-x86-64.so.2
0x00007ffff7df21b0   mov eax, 0x15
0x00007ffff7df21b5   syscall 
syscallNum: 2 rtnName: realloc image: /lib64/ld-linux-x86-64.so.2
0x00007ffff7df2150   mov eax, 0x2
0x00007ffff7df2155   syscall 
syscallNum: 0 rtnName: realloc image: /lib64/ld-linux-x86-64.so.2
0x00007ffff7df2170   mov eax, 0x0
0x00007ffff7df2175   syscall 
syscallNum: 5 rtnName: realloc image: /lib64/ld-linux-x86-64.so.2
0x00007ffff7df20dd   mov eax, 0x5
0x00007ffff7df20e2   syscall 
syscallNum: 9 rtnName: realloc image: /lib64/ld-linux-x86-64.so.2
0x00007ffff7df22a3   mov eax, 0x9
0x00007ffff7df22a8   syscall 
syscallNum: 10 rtnName: realloc image: /lib64/ld-linux-x86-64.so.2
0x00007ffff7df2340   mov eax, 0xa
0x00007ffff7df2345   syscall 
syscallNum: 9 rtnName: realloc image: /lib64/ld-linux-x86-64.so.2
0x00007ffff7df22a3   mov eax, 0x9
0x00007ffff7df22a8   syscall 
syscallNum: 3 rtnName: realloc image: /lib64/ld-linux-x86-64.so.2
0x00007ffff7df2250   mov eax, 0x3
0x00007ffff7df2255   syscall 
syscallNum: 21 rtnName: realloc image: /lib64/ld-linux-x86-64.so.2
0x00007ffff7df21b0   mov eax, 0x15
0x00007ffff7df21b5   syscall 
syscallNum: 2 rtnName: realloc image: /lib64/ld-linux-x86-64.so.2
0x00007ffff7df2150   mov eax, 0x2
0x00007ffff7df2155   syscall 
syscallNum: 0 rtnName: realloc image: /lib64/ld-linux-x86-64.so.2
0x00007ffff7df2170   mov eax, 0x0
0x00007ffff7df2175   syscall 
syscallNum: 5 rtnName: realloc image: /lib64/ld-linux-x86-64.so.2
0x00007ffff7df20dd   mov eax, 0x5
0x00007ffff7df20e2   syscall 
syscallNum: 9 rtnName: realloc image: /lib64/ld-linux-x86-64.so.2
0x00007ffff7df22a3   mov eax, 0x9
0x00007ffff7df22a8   syscall 
syscallNum: 10 rtnName: realloc image: /lib64/ld-linux-x86-64.so.2
0x00007ffff7df2340   mov eax, 0xa
0x00007ffff7df2345   syscall 
syscallNum: 9 rtnName: realloc image: /lib64/ld-linux-x86-64.so.2
0x00007ffff7df22a3   mov eax, 0x9
0x00007ffff7df22a8   syscall 
syscallNum: 3 rtnName: realloc image: /lib64/ld-linux-x86-64.so.2
0x00007ffff7df2250   mov eax, 0x3
0x00007ffff7df2255   syscall 
syscallNum: 21 rtnName: realloc image: /lib64/ld-linux-x86-64.so.2
0x00007ffff7df21b0   mov eax, 0x15
0x00007ffff7df21b5   syscall 
syscallNum: 2 rtnName: realloc image: /lib64/ld-linux-x86-64.so.2
0x00007ffff7df2150   mov eax, 0x2
0x00007ffff7df2155   syscall 
syscallNum: 0 rtnName: realloc image: /lib64/ld-linux-x86-64.so.2
0x00007ffff7df2170   mov eax, 0x0
0x00007ffff7df2175   syscall 
syscallNum: 5 rtnName: realloc image: /lib64/ld-linux-x86-64.so.2
0x00007ffff7df20dd   mov eax, 0x5
0x00007ffff7df20e2   syscall 
syscallNum: 9 rtnName: realloc image: /lib64/ld-linux-x86-64.so.2
0x00007ffff7df22a3   mov eax, 0x9
0x00007ffff7df22a8   syscall 
syscallNum: 9 rtnName: realloc image: /lib64/ld-linux-x86-64.so.2
0x00007ffff7df22a3   mov eax, 0x9
0x00007ffff7df22a8   syscall 
syscallNum: 10 rtnName: realloc image: /lib64/ld-linux-x86-64.so.2
0x00007ffff7df2340   mov eax, 0xa
0x00007ffff7df2345   syscall 
syscallNum: 9 rtnName: realloc image: /lib64/ld-linux-x86-64.so.2
0x00007ffff7df22a3   mov eax, 0x9
0x00007ffff7df22a8   syscall 
syscallNum: 9 rtnName: realloc image: /lib64/ld-linux-x86-64.so.2
0x00007ffff7df22a3   mov eax, 0x9
0x00007ffff7df22a8   syscall 
syscallNum: 3 rtnName: realloc image: /lib64/ld-linux-x86-64.so.2
0x00007ffff7df2250   mov eax, 0x3
0x00007ffff7df2255   syscall 
syscallNum: 21 rtnName: realloc image: /lib64/ld-linux-x86-64.so.2
0x00007ffff7df21b0   mov eax, 0x15
0x00007ffff7df21b5   syscall 
syscallNum: 2 rtnName: realloc image: /lib64/ld-linux-x86-64.so.2
0x00007ffff7df2150   mov eax, 0x2
0x00007ffff7df2155   syscall 
syscallNum: 0 rtnName: realloc image: /lib64/ld-linux-x86-64.so.2
0x00007ffff7df2170   mov eax, 0x0
0x00007ffff7df2175   syscall 
syscallNum: 5 rtnName: realloc image: /lib64/ld-linux-x86-64.so.2
0x00007ffff7df20dd   mov eax, 0x5
0x00007ffff7df20e2   syscall 
syscallNum: 9 rtnName: realloc image: /lib64/ld-linux-x86-64.so.2
0x00007ffff7df22a3   mov eax, 0x9
0x00007ffff7df22a8   syscall 
syscallNum: 10 rtnName: realloc image: /lib64/ld-linux-x86-64.so.2
0x00007ffff7df2340   mov eax, 0xa
0x00007ffff7df2345   syscall 
syscallNum: 9 rtnName: realloc image: /lib64/ld-linux-x86-64.so.2
0x00007ffff7df22a3   mov eax, 0x9
0x00007ffff7df22a8   syscall 
syscallNum: 9 rtnName: realloc image: /lib64/ld-linux-x86-64.so.2
0x00007ffff7df22a3   mov eax, 0x9
0x00007ffff7df22a8   syscall 
syscallNum: 3 rtnName: realloc image: /lib64/ld-linux-x86-64.so.2
0x00007ffff7df2250   mov eax, 0x3
0x00007ffff7df2255   syscall 
syscallNum: 21 rtnName: realloc image: /lib64/ld-linux-x86-64.so.2
0x00007ffff7df21b0   mov eax, 0x15
0x00007ffff7df21b5   syscall 
syscallNum: 2 rtnName: realloc image: /lib64/ld-linux-x86-64.so.2
0x00007ffff7df2150   mov eax, 0x2
0x00007ffff7df2155   syscall 
syscallNum: 0 rtnName: realloc image: /lib64/ld-linux-x86-64.so.2
0x00007ffff7df2170   mov eax, 0x0
0x00007ffff7df2175   syscall 
syscallNum: 5 rtnName: realloc image: /lib64/ld-linux-x86-64.so.2
0x00007ffff7df20dd   mov eax, 0x5
0x00007ffff7df20e2   syscall 
syscallNum: 9 rtnName: realloc image: /lib64/ld-linux-x86-64.so.2
0x00007ffff7df22a3   mov eax, 0x9
0x00007ffff7df22a8   syscall 
syscallNum: 10 rtnName: realloc image: /lib64/ld-linux-x86-64.so.2
0x00007ffff7df2340   mov eax, 0xa
0x00007ffff7df2345   syscall 
syscallNum: 9 rtnName: realloc image: /lib64/ld-linux-x86-64.so.2
0x00007ffff7df22a3   mov eax, 0x9
0x00007ffff7df22a8   syscall 
syscallNum: 9 rtnName: realloc image: /lib64/ld-linux-x86-64.so.2
0x00007ffff7df22a3   mov eax, 0x9
0x00007ffff7df22a8   syscall 
syscallNum: 3 rtnName: realloc image: /lib64/ld-linux-x86-64.so.2
0x00007ffff7df2250   mov eax, 0x3
0x00007ffff7df2255   syscall 
syscallNum: 21 rtnName: realloc image: /lib64/ld-linux-x86-64.so.2
0x00007ffff7df21b0   mov eax, 0x15
0x00007ffff7df21b5   syscall 
syscallNum: 2 rtnName: realloc image: /lib64/ld-linux-x86-64.so.2
0x00007ffff7df2150   mov eax, 0x2
0x00007ffff7df2155   syscall 
syscallNum: 0 rtnName: realloc image: /lib64/ld-linux-x86-64.so.2
0x00007ffff7df2170   mov eax, 0x0
0x00007ffff7df2175   syscall 
syscallNum: 5 rtnName: realloc image: /lib64/ld-linux-x86-64.so.2
0x00007ffff7df20dd   mov eax, 0x5
0x00007ffff7df20e2   syscall 
syscallNum: 9 rtnName: realloc image: /lib64/ld-linux-x86-64.so.2
0x00007ffff7df22a3   mov eax, 0x9
0x00007ffff7df22a8   syscall 
syscallNum: 9 rtnName: realloc image: /lib64/ld-linux-x86-64.so.2
0x00007ffff7df22a3   mov eax, 0x9
0x00007ffff7df22a8   syscall 
syscallNum: 10 rtnName: realloc image: /lib64/ld-linux-x86-64.so.2
0x00007ffff7df2340   mov eax, 0xa
0x00007ffff7df2345   syscall 
syscallNum: 9 rtnName: realloc image: /lib64/ld-linux-x86-64.so.2
0x00007ffff7df22a3   mov eax, 0x9
0x00007ffff7df22a8   syscall 
syscallNum: 3 rtnName: realloc image: /lib64/ld-linux-x86-64.so.2
0x00007ffff7df2250   mov eax, 0x3
0x00007ffff7df2255   syscall 
syscallNum: 21 rtnName: realloc image: /lib64/ld-linux-x86-64.so.2
0x00007ffff7df21b0   mov eax, 0x15
0x00007ffff7df21b5   syscall 
syscallNum: 2 rtnName: realloc image: /lib64/ld-linux-x86-64.so.2
0x00007ffff7df2150   mov eax, 0x2
0x00007ffff7df2155   syscall 
syscallNum: 0 rtnName: realloc image: /lib64/ld-linux-x86-64.so.2
0x00007ffff7df2170   mov eax, 0x0
0x00007ffff7df2175   syscall 
syscallNum: 5 rtnName: realloc image: /lib64/ld-linux-x86-64.so.2
0x00007ffff7df20dd   mov eax, 0x5
0x00007ffff7df20e2   syscall 
syscallNum: 9 rtnName: realloc image: /lib64/ld-linux-x86-64.so.2
0x00007ffff7df22a3   mov eax, 0x9
0x00007ffff7df22a8   syscall 
syscallNum: 10 rtnName: realloc image: /lib64/ld-linux-x86-64.so.2
0x00007ffff7df2340   mov eax, 0xa
0x00007ffff7df2345   syscall 
syscallNum: 9 rtnName: realloc image: /lib64/ld-linux-x86-64.so.2
0x00007ffff7df22a3   mov eax, 0x9
0x00007ffff7df22a8   syscall 
syscallNum: 3 rtnName: realloc image: /lib64/ld-linux-x86-64.so.2
0x00007ffff7df2250   mov eax, 0x3
0x00007ffff7df2255   syscall 
syscallNum: 21 rtnName: realloc image: /lib64/ld-linux-x86-64.so.2
0x00007ffff7df21b0   mov eax, 0x15
0x00007ffff7df21b5   syscall 
syscallNum: 2 rtnName: realloc image: /lib64/ld-linux-x86-64.so.2
0x00007ffff7df2150   mov eax, 0x2
0x00007ffff7df2155   syscall 
syscallNum: 0 rtnName: realloc image: /lib64/ld-linux-x86-64.so.2
0x00007ffff7df2170   mov eax, 0x0
0x00007ffff7df2175   syscall 
syscallNum: 5 rtnName: realloc image: /lib64/ld-linux-x86-64.so.2
0x00007ffff7df20dd   mov eax, 0x5
0x00007ffff7df20e2   syscall 
syscallNum: 9 rtnName: realloc image: /lib64/ld-linux-x86-64.so.2
0x00007ffff7df22a3   mov eax, 0x9
0x00007ffff7df22a8   syscall 
syscallNum: 9 rtnName: realloc image: /lib64/ld-linux-x86-64.so.2
0x00007ffff7df22a3   mov eax, 0x9
0x00007ffff7df22a8   syscall 
syscallNum: 10 rtnName: realloc image: /lib64/ld-linux-x86-64.so.2
0x00007ffff7df2340   mov eax, 0xa
0x00007ffff7df2345   syscall 
syscallNum: 9 rtnName: realloc image: /lib64/ld-linux-x86-64.so.2
0x00007ffff7df22a3   mov eax, 0x9
0x00007ffff7df22a8   syscall 
syscallNum: 9 rtnName: realloc image: /lib64/ld-linux-x86-64.so.2
0x00007ffff7df22a3   mov eax, 0x9
0x00007ffff7df22a8   syscall 
syscallNum: 3 rtnName: realloc image: /lib64/ld-linux-x86-64.so.2
0x00007ffff7df2250   mov eax, 0x3
0x00007ffff7df2255   syscall 
syscallNum: 21 rtnName: realloc image: /lib64/ld-linux-x86-64.so.2
0x00007ffff7df21b0   mov eax, 0x15
0x00007ffff7df21b5   syscall 
syscallNum: 2 rtnName: realloc image: /lib64/ld-linux-x86-64.so.2
0x00007ffff7df2150   mov eax, 0x2
0x00007ffff7df2155   syscall 
syscallNum: 0 rtnName: realloc image: /lib64/ld-linux-x86-64.so.2
0x00007ffff7df2170   mov eax, 0x0
0x00007ffff7df2175   syscall 
syscallNum: 5 rtnName: realloc image: /lib64/ld-linux-x86-64.so.2
0x00007ffff7df20dd   mov eax, 0x5
0x00007ffff7df20e2   syscall 
syscallNum: 9 rtnName: realloc image: /lib64/ld-linux-x86-64.so.2
0x00007ffff7df22a3   mov eax, 0x9
0x00007ffff7df22a8   syscall 
syscallNum: 10 rtnName: realloc image: /lib64/ld-linux-x86-64.so.2
0x00007ffff7df2340   mov eax, 0xa
0x00007ffff7df2345   syscall 
syscallNum: 9 rtnName: realloc image: /lib64/ld-linux-x86-64.so.2
0x00007ffff7df22a3   mov eax, 0x9
0x00007ffff7df22a8   syscall 
syscallNum: 3 rtnName: realloc image: /lib64/ld-linux-x86-64.so.2
0x00007ffff7df2250   mov eax, 0x3
0x00007ffff7df2255   syscall 
syscallNum: 9 rtnName: realloc image: /lib64/ld-linux-x86-64.so.2
0x00007ffff7df22a3   mov eax, 0x9
0x00007ffff7df22a8   syscall 
syscallNum: 9 rtnName: realloc image: /lib64/ld-linux-x86-64.so.2
0x00007ffff7df22a3   mov eax, 0x9
0x00007ffff7df22a8   syscall 
syscallNum: 9 rtnName: realloc image: /lib64/ld-linux-x86-64.so.2
0x00007ffff7df22a3   mov eax, 0x9
0x00007ffff7df22a8   syscall 
syscallNum: 158 rtnName: .text image: /lib64/ld-linux-x86-64.so.2
0x00007ffff7dd7c54   mov eax, 0x9e
0x00007ffff7dd7c5d   syscall 
syscallNum: 10 rtnName: realloc image: /lib64/ld-linux-x86-64.so.2
0x00007ffff7df2340   mov eax, 0xa
0x00007ffff7df2345   syscall 
syscallNum: 10 rtnName: realloc image: /lib64/ld-linux-x86-64.so.2
0x00007ffff7df2340   mov eax, 0xa
0x00007ffff7df2345   syscall 
syscallNum: 10 rtnName: realloc image: /lib64/ld-linux-x86-64.so.2
0x00007ffff7df2340   mov eax, 0xa
0x00007ffff7df2345   syscall 
syscallNum: 10 rtnName: realloc image: /lib64/ld-linux-x86-64.so.2
0x00007ffff7df2340   mov eax, 0xa
0x00007ffff7df2345   syscall 
syscallNum: 10 rtnName: realloc image: /lib64/ld-linux-x86-64.so.2
0x00007ffff7df2340   mov eax, 0xa
0x00007ffff7df2345   syscall 
syscallNum: 10 rtnName: realloc image: /lib64/ld-linux-x86-64.so.2
0x00007ffff7df2340   mov eax, 0xa
0x00007ffff7df2345   syscall 
syscallNum: 10 rtnName: realloc image: /lib64/ld-linux-x86-64.so.2
0x00007ffff7df2340   mov eax, 0xa
0x00007ffff7df2345   syscall 
syscallNum: 10 rtnName: realloc image: /lib64/ld-linux-x86-64.so.2
0x00007ffff7df2340   mov eax, 0xa
0x00007ffff7df2345   syscall 
syscallNum: 10 rtnName: realloc image: /lib64/ld-linux-x86-64.so.2
0x00007ffff7df2340   mov eax, 0xa
0x00007ffff7df2345   syscall 
syscallNum: 10 rtnName: realloc image: /lib64/ld-linux-x86-64.so.2
0x00007ffff7df2340   mov eax, 0xa
0x00007ffff7df2345   syscall 
syscallNum: 10 rtnName: realloc image: /lib64/ld-linux-x86-64.so.2
0x00007ffff7df2340   mov eax, 0xa
0x00007ffff7df2345   syscall 
syscallNum: 10 rtnName: realloc image: /lib64/ld-linux-x86-64.so.2
0x00007ffff7df2340   mov eax, 0xa
0x00007ffff7df2345   syscall 
syscallNum: 10 rtnName: realloc image: /lib64/ld-linux-x86-64.so.2
0x00007ffff7df2340   mov eax, 0xa
0x00007ffff7df2345   syscall 
syscallNum: 10 rtnName: realloc image: /lib64/ld-linux-x86-64.so.2
0x00007ffff7df2340   mov eax, 0xa
0x00007ffff7df2345   syscall 
syscallNum: 10 rtnName: realloc image: /lib64/ld-linux-x86-64.so.2
0x00007ffff7df2340   mov eax, 0xa
0x00007ffff7df2345   syscall 
syscallNum: 10 rtnName: realloc image: /lib64/ld-linux-x86-64.so.2
0x00007ffff7df2340   mov eax, 0xa
0x00007ffff7df2345   syscall 
syscallNum: 10 rtnName: realloc image: /lib64/ld-linux-x86-64.so.2
0x00007ffff7df2340   mov eax, 0xa
0x00007ffff7df2345   syscall 
syscallNum: 11 rtnName: realloc image: /lib64/ld-linux-x86-64.so.2
0x00007ffff7df2320   mov eax, 0xb
0x00007ffff7df2325   syscall 
syscallNum: 218 rtnName: __pthread_initialize_minimal image: /lib/x86_64-linux-gnu/libpthread.so.0
0x00007fffe3490d43   mov eax, 0xda
0x00007fffe3490d60   syscall 
syscallNum: 273 rtnName: __pthread_initialize_minimal image: /lib/x86_64-linux-gnu/libpthread.so.0
0x00007fffe3490db5   mov eax, 0x111
0x00007fffe3490dc8   syscall 
syscallNum: 13 rtnName: __libc_sigaction image: /lib/x86_64-linux-gnu/libpthread.so.0
0x00007fffe349c4bc   mov ecx, 0xd
0x00007fffe349c4ca   mov eax, ecx
0x00007fffe349c4cc   syscall 
syscallNum: 13 rtnName: __libc_sigaction image: /lib/x86_64-linux-gnu/libpthread.so.0
0x00007fffe349c4bc   mov ecx, 0xd
0x00007fffe349c4ca   mov eax, ecx
0x00007fffe349c4cc   syscall 
syscallNum: 14 rtnName: __pthread_initialize_minimal image: /lib/x86_64-linux-gnu/libpthread.so.0
0x00007fffe3490ea6   mov eax, 0xe
0x00007fffe3490eab   syscall 
syscallNum: 97 rtnName: getrlimit image: /lib/x86_64-linux-gnu/libc.so.6
0x00007fffe31be0a0   mov eax, 0x61
0x00007fffe31be0a5   syscall 
syscallNum: 137 rtnName: statfs image: /lib/x86_64-linux-gnu/libc.so.6
0x00007fffe31b8530   mov eax, 0x89
0x00007fffe31b8535   syscall 
syscallNum: 137 rtnName: statfs image: /lib/x86_64-linux-gnu/libc.so.6
0x00007fffe31b8530   mov eax, 0x89
0x00007fffe31b8535   syscall 
syscallNum: 12 rtnName: brk image: /lib/x86_64-linux-gnu/libc.so.6
0x00007fffe31be550   mov ecx, 0xc
0x00007fffe31be555   mov eax, ecx
0x00007fffe31be557   syscall 
syscallNum: 12 rtnName: brk image: /lib/x86_64-linux-gnu/libc.so.6
0x00007fffe31be550   mov ecx, 0xc
0x00007fffe31be555   mov eax, ecx
0x00007fffe31be557   syscall 
syscallNum: 2 rtnName: __open64 image: /lib/x86_64-linux-gnu/libc.so.6
0x00007fffe31b8789   mov eax, 0x2
0x00007fffe31b878e   syscall 
syscallNum: 5 rtnName: __fxstat64 image: /lib/x86_64-linux-gnu/libc.so.6
0x00007fffe31b837d   mov eax, 0x5
0x00007fffe31b8382   syscall 
syscallNum: 0 rtnName: read image: /lib/x86_64-linux-gnu/libc.so.6
0x00007fffe31b89a9   mov eax, 0x0
0x00007fffe31b89ae   syscall 
syscallNum: 0 rtnName: read image: /lib/x86_64-linux-gnu/libc.so.6
0x00007fffe31b89a9   mov eax, 0x0
0x00007fffe31b89ae   syscall 
syscallNum: 3 rtnName: _IO_file_close image: /lib/x86_64-linux-gnu/libc.so.6
0x00007fffe313a274   mov eax, 0x3
0x00007fffe313a279   syscall 
